# JRE version: Java(TM) SE Runtime Environment (21.0.1+12) (build 21.0.1+12-LTS-29)
# Java VM: Java HotSpot(TM) 64-Bit Server VM (21.0.1+12-LTS-29, mixed mode, sharing, tiered, compressed oops, compressed class ptrs, g1 gc, windows-amd64)
GC Precious Log:
 CardTable entry size: 512
 Card Set container configuration: InlinePtr #cards 5 size 8 Array Of Cards #cards 12 size 40 Howl #buckets 4 coarsen threshold 1843 Howl Bitmap #cards 512 size 80 coarsen threshold 460 Card regions per heap region 1 cards per card region 2048
 CPUs: 8 total, 8 available
 Memory: 16223M
 Large Page Support: Disabled
 NUMA Support: Disabled
 Compressed Oops: Enabled (32-bit)
 Heap Region Size: 1M
 Heap Min Capacity: 8M
 Heap Initial Capacity: 254M
 Heap Max Capacity: 1G
 Pre-touch: Disabled
 Parallel Workers: 8
 Concurrent Workers: 2
 Concurrent Refinement Workers: 8
 Periodic GC: Disabled
Heap:
 garbage-first heap   total 107520K, used 46577K [0x00000000c0000000, 0x0000000100000000)
  region size 1024K, 20 young (20480K), 8 survivors (8192K)
 Metaspace       used 33070K, committed 33408K, reserved 1114112K
  class space    used 4168K, committed 4288K, reserved 1048576K
GC Heap History (8 events):
Event: 1.242 GC heap before
{Heap before GC invocations=0 (full 0):
 garbage-first heap   total 260096K, used 31744K [0x00000000c0000000, 0x0000000100000000)
  region size 1024K, 23 young (23552K), 0 survivors (0K)
 Metaspace       used 2726K, committed 2880K, reserved 1114112K
  class space    used 198K, committed 256K, reserved 1048576K
}
Event: 1.260 GC heap after
{Heap after GC invocations=1 (full 0):
 garbage-first heap   total 260096K, used 23232K [0x00000000c0000000, 0x0000000100000000)
  region size 1024K, 3 young (3072K), 3 survivors (3072K)
 Metaspace       used 2726K, committed 2880K, reserved 1114112K
  class space    used 198K, committed 256K, reserved 1048576K
}
Event: 2.829 GC heap before
{Heap before GC invocations=1 (full 0):
 garbage-first heap   total 260096K, used 42688K [0x00000000c0000000, 0x0000000100000000)
  region size 1024K, 22 young (22528K), 3 survivors (3072K)
 Metaspace       used 9907K, committed 10240K, reserved 1114112K
  class space    used 1050K, committed 1216K, reserved 1048576K
}
Event: 2.836 GC heap after
{Heap after GC invocations=2 (full 0):
 garbage-first heap   total 260096K, used 25458K [0x00000000c0000000, 0x0000000100000000)
  region size 1024K, 3 young (3072K), 3 survivors (3072K)
 Metaspace       used 9907K, committed 10240K, reserved 1114112K
  class space    used 1050K, committed 1216K, reserved 1048576K
}
Event: 10.229 GC heap before
{Heap before GC invocations=2 (full 0):
 garbage-first heap   total 260096K, used 57202K [0x00000000c0000000, 0x0000000100000000)
  region size 1024K, 35 young (35840K), 3 survivors (3072K)
 Metaspace       used 21266K, committed 21504K, reserved 1114112K
  class space    used 2869K, committed 3008K, reserved 1048576K
}
Event: 10.247 GC heap after
{Heap after GC invocations=3 (full 0):
 garbage-first heap   total 260096K, used 27762K [0x00000000c0000000, 0x0000000100000000)
  region size 1024K, 5 young (5120K), 5 survivors (5120K)
 Metaspace       used 21266K, committed 21504K, reserved 1114112K
  class space    used 2869K, committed 3008K, reserved 1048576K
}
Event: 23.365 GC heap before
{Heap before GC invocations=4 (full 0):
 garbage-first heap   total 99328K, used 98418K [0x00000000c0000000, 0x0000000100000000)
  region size 1024K, 69 young (70656K), 5 survivors (5120K)
 Metaspace       used 30539K, committed 30912K, reserved 1114112K
  class space    used 3869K, committed 4032K, reserved 1048576K
}
Event: 23.382 GC heap after
{Heap after GC invocations=5 (full 0):
 garbage-first heap   total 107520K, used 36337K [0x00000000c0000000, 0x0000000100000000)
  region size 1024K, 8 young (8192K), 8 survivors (8192K)
 Metaspace       used 30539K, committed 30912K, reserved 1114112K
  class space    used 3869K, committed 4032K, reserved 1048576K
}

